<?xml version="1.0" encoding="UTF-8"?>
<coverage generated="1706464598819" clover="3.2.0">
  <project timestamp="1706464598819" name="All files">
    <metrics statements="92" coveredstatements="61" conditionals="32" coveredconditionals="17" methods="25" coveredmethods="18" elements="149" coveredelements="96" complexity="0" loc="92" ncloc="92" packages="1" files="1" classes="1"/>
    <file name="employeeHierarchyApp.js" path="/home/debuser/EmployeeHierarchy/employeeHierarchyApp.js">
      <metrics statements="92" coveredstatements="61" conditionals="32" coveredconditionals="17" methods="25" coveredmethods="18"/>
      <line num="10" count="8" type="stmt"/>
      <line num="11" count="8" type="stmt"/>
      <line num="12" count="8" type="stmt"/>
      <line num="13" count="8" type="stmt"/>
      <line num="20" count="6" type="stmt"/>
      <line num="25" count="7" type="stmt"/>
      <line num="30" count="1" type="stmt"/>
      <line num="31" count="2" type="stmt"/>
      <line num="32" count="2" type="cond" truecount="1" falsecount="1"/>
      <line num="33" count="0" type="stmt"/>
      <line num="36" count="2" type="stmt"/>
      <line num="37" count="2" type="stmt"/>
      <line num="44" count="0" type="stmt"/>
      <line num="45" count="0" type="stmt"/>
      <line num="46" count="0" type="stmt"/>
      <line num="47" count="0" type="stmt"/>
      <line num="48" count="0" type="stmt"/>
      <line num="50" count="0" type="stmt"/>
      <line num="60" count="6" type="stmt"/>
      <line num="68" count="8" type="stmt"/>
      <line num="69" count="4" type="cond" truecount="1" falsecount="1"/>
      <line num="70" count="4" type="stmt"/>
      <line num="71" count="4" type="stmt"/>
      <line num="72" count="2" type="stmt"/>
      <line num="76" count="0" type="stmt"/>
      <line num="82" count="2" type="stmt"/>
      <line num="83" count="2" type="stmt"/>
      <line num="89" count="2" type="stmt"/>
      <line num="90" count="4" type="cond" truecount="2" falsecount="0"/>
      <line num="91" count="2" type="stmt"/>
      <line num="94" count="2" type="stmt"/>
      <line num="104" count="6" type="stmt"/>
      <line num="111" count="2" type="stmt"/>
      <line num="113" count="2" type="cond" truecount="4" falsecount="0"/>
      <line num="115" count="1" type="stmt"/>
      <line num="116" count="1" type="stmt"/>
      <line num="117" count="1" type="stmt"/>
      <line num="120" count="1" type="cond" truecount="2" falsecount="2"/>
      <line num="121" count="0" type="stmt"/>
      <line num="122" count="0" type="stmt"/>
      <line num="123" count="0" type="stmt"/>
      <line num="127" count="1" type="stmt"/>
      <line num="136" count="2" type="cond" truecount="1" falsecount="1"/>
      <line num="137" count="0" type="stmt"/>
      <line num="140" count="2" type="cond" truecount="2" falsecount="0"/>
      <line num="141" count="1" type="stmt"/>
      <line num="142" count="1" type="stmt"/>
      <line num="145" count="1" type="cond" truecount="1" falsecount="1"/>
      <line num="147" count="1" type="stmt"/>
      <line num="148" count="1" type="stmt"/>
      <line num="149" count="1" type="cond" truecount="1" falsecount="1"/>
      <line num="150" count="1" type="stmt"/>
      <line num="151" count="1" type="stmt"/>
      <line num="155" count="0" type="stmt"/>
      <line num="162" count="1" type="stmt"/>
      <line num="163" count="1" type="stmt"/>
      <line num="164" count="1" type="cond" truecount="1" falsecount="1"/>
      <line num="165" count="1" type="stmt"/>
      <line num="168" count="1" type="cond" truecount="1" falsecount="1"/>
      <line num="169" count="0" type="stmt"/>
      <line num="177" count="1" type="stmt"/>
      <line num="178" count="1" type="stmt"/>
      <line num="179" count="1" type="stmt"/>
      <line num="183" count="1" type="stmt"/>
      <line num="184" count="1" type="stmt"/>
      <line num="189" count="1" type="stmt"/>
      <line num="193" count="1" type="stmt"/>
      <line num="194" count="1" type="stmt"/>
      <line num="195" count="1" type="stmt"/>
      <line num="196" count="0" type="stmt"/>
      <line num="197" count="0" type="stmt"/>
      <line num="198" count="0" type="stmt"/>
      <line num="207" count="0" type="stmt"/>
      <line num="208" count="0" type="cond" truecount="0" falsecount="4"/>
      <line num="211" count="0" type="stmt"/>
      <line num="215" count="0" type="stmt"/>
      <line num="221" count="1" type="stmt"/>
      <line num="222" count="0" type="stmt"/>
      <line num="223" count="0" type="stmt"/>
      <line num="224" count="0" type="cond" truecount="0" falsecount="2"/>
      <line num="225" count="0" type="stmt"/>
      <line num="227" count="0" type="stmt"/>
      <line num="229" count="0" type="stmt"/>
      <line num="235" count="1" type="stmt"/>
      <line num="236" count="1" type="stmt"/>
      <line num="237" count="1" type="stmt"/>
      <line num="239" count="0" type="stmt"/>
      <line num="240" count="0" type="stmt"/>
      <line num="241" count="0" type="stmt"/>
      <line num="244" count="0" type="stmt"/>
      <line num="249" count="1" type="stmt"/>
      <line num="251" count="1" type="stmt"/>
    </file>
  </project>
</coverage>
