{"/home/debuser/EmployeeHierarchy/employeeHierarchyApp.js": {"path":"/home/debuser/EmployeeHierarchy/employeeHierarchyApp.js","statementMap":{"0":{"start":{"line":1,"column":11},"end":{"line":1,"column":24}},"1":{"start":{"line":5,"column":4},"end":{"line":5,"column":17}},"2":{"start":{"line":6,"column":4},"end":{"line":6,"column":21}},"3":{"start":{"line":7,"column":4},"end":{"line":7,"column":31}},"4":{"start":{"line":8,"column":4},"end":{"line":8,"column":26}},"5":{"start":{"line":9,"column":4},"end":{"line":9,"column":25}},"6":{"start":{"line":15,"column":4},"end":{"line":15,"column":20}},"7":{"start":{"line":16,"column":4},"end":{"line":16,"column":24}},"8":{"start":{"line":17,"column":4},"end":{"line":17,"column":26}},"9":{"start":{"line":21,"column":4},"end":{"line":21,"column":34}},"10":{"start":{"line":26,"column":4},"end":{"line":26,"column":63}},"11":{"start":{"line":26,"column":43},"end":{"line":26,"column":61}},"12":{"start":{"line":30,"column":4},"end":{"line":32,"column":5}},"13":{"start":{"line":31,"column":6},"end":{"line":31,"column":18}},"14":{"start":{"line":34,"column":4},"end":{"line":34,"column":32}},"15":{"start":{"line":36,"column":4},"end":{"line":38,"column":5}},"16":{"start":{"line":37,"column":6},"end":{"line":37,"column":18}},"17":{"start":{"line":40,"column":4},"end":{"line":46,"column":5}},"18":{"start":{"line":41,"column":21},"end":{"line":41,"column":60}},"19":{"start":{"line":42,"column":6},"end":{"line":45,"column":7}},"20":{"start":{"line":44,"column":8},"end":{"line":44,"column":22}},"21":{"start":{"line":48,"column":4},"end":{"line":48,"column":27}},"22":{"start":{"line":49,"column":4},"end":{"line":49,"column":16}},"23":{"start":{"line":53,"column":4},"end":{"line":59,"column":5}},"24":{"start":{"line":54,"column":6},"end":{"line":54,"column":28}},"25":{"start":{"line":55,"column":21},"end":{"line":55,"column":67}},"26":{"start":{"line":56,"column":6},"end":{"line":58,"column":7}},"27":{"start":{"line":57,"column":8},"end":{"line":57,"column":22}},"28":{"start":{"line":60,"column":5},"end":{"line":60,"column":68}},"29":{"start":{"line":65,"column":4},"end":{"line":71,"column":5}},"30":{"start":{"line":66,"column":23},"end":{"line":66,"column":56}},"31":{"start":{"line":67,"column":27},"end":{"line":67,"column":47}},"32":{"start":{"line":68,"column":6},"end":{"line":68,"column":48}},"33":{"start":{"line":70,"column":6},"end":{"line":70,"column":75}},"34":{"start":{"line":77,"column":4},"end":{"line":86,"column":7}},"35":{"start":{"line":78,"column":23},"end":{"line":78,"column":71}},"36":{"start":{"line":79,"column":6},"end":{"line":79,"column":33}},"37":{"start":{"line":81,"column":6},"end":{"line":85,"column":7}},"38":{"start":{"line":82,"column":8},"end":{"line":82,"column":34}},"39":{"start":{"line":84,"column":8},"end":{"line":84,"column":42}},"40":{"start":{"line":92,"column":20},"end":{"line":92,"column":61}},"41":{"start":{"line":93,"column":4},"end":{"line":105,"column":5}},"42":{"start":{"line":94,"column":6},"end":{"line":94,"column":41}},"43":{"start":{"line":96,"column":40},"end":{"line":96,"column":86}},"44":{"start":{"line":96,"column":65},"end":{"line":96,"column":85}},"45":{"start":{"line":97,"column":6},"end":{"line":102,"column":7}},"46":{"start":{"line":98,"column":8},"end":{"line":98,"column":59}},"47":{"start":{"line":100,"column":8},"end":{"line":100,"column":42}},"48":{"start":{"line":104,"column":6},"end":{"line":104,"column":100}},"49":{"start":{"line":109,"column":4},"end":{"line":111,"column":5}},"50":{"start":{"line":110,"column":6},"end":{"line":110,"column":52}},"51":{"start":{"line":114,"column":20},"end":{"line":114,"column":59}},"52":{"start":{"line":114,"column":49},"end":{"line":114,"column":58}},"53":{"start":{"line":115,"column":4},"end":{"line":115,"column":45}},"54":{"start":{"line":120,"column":3},"end":{"line":122,"column":6}},"55":{"start":{"line":121,"column":6},"end":{"line":121,"column":36}},"56":{"start":{"line":124,"column":3},"end":{"line":137,"column":5}},"57":{"start":{"line":126,"column":4},"end":{"line":126,"column":61}},"58":{"start":{"line":129,"column":9},"end":{"line":137,"column":5}},"59":{"start":{"line":130,"column":7},"end":{"line":130,"column":69}},"60":{"start":{"line":131,"column":7},"end":{"line":131,"column":93}},"61":{"start":{"line":136,"column":4},"end":{"line":136,"column":86}},"62":{"start":{"line":144,"column":26},"end":{"line":144,"column":49}},"63":{"start":{"line":148,"column":19},"end":{"line":148,"column":38}},"64":{"start":{"line":149,"column":13},"end":{"line":152,"column":4}},"65":{"start":{"line":154,"column":0},"end":{"line":154,"column":9}},"66":{"start":{"line":158,"column":20},"end":{"line":165,"column":1}},"67":{"start":{"line":159,"column":3},"end":{"line":164,"column":3}},"68":{"start":{"line":160,"column":4},"end":{"line":163,"column":7}},"69":{"start":{"line":161,"column":2},"end":{"line":161,"column":61}},"70":{"start":{"line":162,"column":3},"end":{"line":162,"column":13}},"71":{"start":{"line":168,"column":20},"end":{"line":179,"column":1}},"72":{"start":{"line":169,"column":2},"end":{"line":178,"column":5}},"73":{"start":{"line":170,"column":4},"end":{"line":177,"column":7}},"74":{"start":{"line":171,"column":6},"end":{"line":175,"column":7}},"75":{"start":{"line":172,"column":8},"end":{"line":172,"column":24}},"76":{"start":{"line":174,"column":8},"end":{"line":174,"column":39}},"77":{"start":{"line":176,"column":6},"end":{"line":176,"column":16}},"78":{"start":{"line":183,"column":5},"end":{"line":202,"column":9}},"79":{"start":{"line":184,"column":28},"end":{"line":184,"column":80}},"80":{"start":{"line":186,"column":6},"end":{"line":198,"column":9}},"81":{"start":{"line":188,"column":10},"end":{"line":197,"column":11}},"82":{"start":{"line":191,"column":12},"end":{"line":191,"column":106}},"83":{"start":{"line":193,"column":25},"end":{"line":193,"column":61}},"84":{"start":{"line":194,"column":34},"end":{"line":194,"column":93}},"85":{"start":{"line":195,"column":12},"end":{"line":195,"column":33}},"86":{"start":{"line":196,"column":12},"end":{"line":196,"column":42}},"87":{"start":{"line":201,"column":10},"end":{"line":201,"column":51}},"88":{"start":{"line":207,"column":13},"end":{"line":217,"column":1}},"89":{"start":{"line":208,"column":13},"end":{"line":208,"column":27}},"90":{"start":{"line":209,"column":3},"end":{"line":209,"column":25}},"91":{"start":{"line":211,"column":23},"end":{"line":211,"column":27}},"92":{"start":{"line":212,"column":2},"end":{"line":214,"column":1}},"93":{"start":{"line":213,"column":4},"end":{"line":213,"column":26}},"94":{"start":{"line":216,"column":0},"end":{"line":216,"column":11}},"95":{"start":{"line":219,"column":0},"end":{"line":219,"column":7}},"96":{"start":{"line":221,"column":0},"end":{"line":221,"column":49}}},"fnMap":{"0":{"name":"(anonymous_0)","decl":{"start":{"line":4,"column":2},"end":{"line":4,"column":3}},"loc":{"start":{"line":4,"column":35},"end":{"line":10,"column":3}},"line":4},"1":{"name":"(anonymous_1)","decl":{"start":{"line":14,"column":2},"end":{"line":14,"column":3}},"loc":{"start":{"line":14,"column":16},"end":{"line":18,"column":3}},"line":14},"2":{"name":"(anonymous_2)","decl":{"start":{"line":20,"column":2},"end":{"line":20,"column":3}},"loc":{"start":{"line":20,"column":24},"end":{"line":22,"column":3}},"line":20},"3":{"name":"(anonymous_3)","decl":{"start":{"line":25,"column":2},"end":{"line":25,"column":3}},"loc":{"start":{"line":25,"column":23},"end":{"line":27,"column":3}},"line":25},"4":{"name":"(anonymous_4)","decl":{"start":{"line":26,"column":31},"end":{"line":26,"column":32}},"loc":{"start":{"line":26,"column":43},"end":{"line":26,"column":61}},"line":26},"5":{"name":"(anonymous_5)","decl":{"start":{"line":29,"column":2},"end":{"line":29,"column":3}},"loc":{"start":{"line":29,"column":36},"end":{"line":50,"column":3}},"line":29},"6":{"name":"(anonymous_6)","decl":{"start":{"line":52,"column":2},"end":{"line":52,"column":3}},"loc":{"start":{"line":52,"column":37},"end":{"line":61,"column":3}},"line":52},"7":{"name":"(anonymous_7)","decl":{"start":{"line":64,"column":0},"end":{"line":64,"column":1}},"loc":{"start":{"line":64,"column":41},"end":{"line":72,"column":3}},"line":64},"8":{"name":"(anonymous_8)","decl":{"start":{"line":76,"column":1},"end":{"line":76,"column":2}},"loc":{"start":{"line":76,"column":38},"end":{"line":87,"column":3}},"line":76},"9":{"name":"(anonymous_9)","decl":{"start":{"line":77,"column":25},"end":{"line":77,"column":26}},"loc":{"start":{"line":77,"column":33},"end":{"line":86,"column":5}},"line":77},"10":{"name":"(anonymous_10)","decl":{"start":{"line":91,"column":2},"end":{"line":91,"column":3}},"loc":{"start":{"line":91,"column":31},"end":{"line":106,"column":3}},"line":91},"11":{"name":"(anonymous_11)","decl":{"start":{"line":96,"column":60},"end":{"line":96,"column":61}},"loc":{"start":{"line":96,"column":65},"end":{"line":96,"column":85}},"line":96},"12":{"name":"(anonymous_12)","decl":{"start":{"line":108,"column":1},"end":{"line":108,"column":2}},"loc":{"start":{"line":108,"column":20},"end":{"line":117,"column":3}},"line":108},"13":{"name":"(anonymous_13)","decl":{"start":{"line":114,"column":41},"end":{"line":114,"column":42}},"loc":{"start":{"line":114,"column":49},"end":{"line":114,"column":58}},"line":114},"14":{"name":"(anonymous_14)","decl":{"start":{"line":119,"column":2},"end":{"line":119,"column":3}},"loc":{"start":{"line":119,"column":39},"end":{"line":138,"column":3}},"line":119},"15":{"name":"getUserInput","decl":{"start":{"line":147,"column":9},"end":{"line":147,"column":21}},"loc":{"start":{"line":147,"column":24},"end":{"line":155,"column":1}},"line":147},"16":{"name":"(anonymous_16)","decl":{"start":{"line":158,"column":20},"end":{"line":158,"column":21}},"loc":{"start":{"line":158,"column":28},"end":{"line":165,"column":1}},"line":158},"17":{"name":"(anonymous_17)","decl":{"start":{"line":159,"column":22},"end":{"line":159,"column":23}},"loc":{"start":{"line":159,"column":43},"end":{"line":164,"column":2}},"line":159},"18":{"name":"(anonymous_18)","decl":{"start":{"line":160,"column":40},"end":{"line":160,"column":41}},"loc":{"start":{"line":160,"column":60},"end":{"line":163,"column":5}},"line":160},"19":{"name":"(anonymous_19)","decl":{"start":{"line":168,"column":20},"end":{"line":168,"column":21}},"loc":{"start":{"line":168,"column":28},"end":{"line":179,"column":1}},"line":168},"20":{"name":"(anonymous_20)","decl":{"start":{"line":169,"column":21},"end":{"line":169,"column":22}},"loc":{"start":{"line":169,"column":34},"end":{"line":178,"column":3}},"line":169},"21":{"name":"(anonymous_21)","decl":{"start":{"line":170,"column":87},"end":{"line":170,"column":88}},"loc":{"start":{"line":170,"column":111},"end":{"line":177,"column":5}},"line":170},"22":{"name":"displayHierarchy","decl":{"start":{"line":182,"column":9},"end":{"line":182,"column":25}},"loc":{"start":{"line":182,"column":40},"end":{"line":204,"column":5}},"line":182},"23":{"name":"(anonymous_23)","decl":{"start":{"line":207,"column":13},"end":{"line":207,"column":14}},"loc":{"start":{"line":207,"column":25},"end":{"line":217,"column":1}},"line":207}},"branchMap":{"0":{"loc":{"start":{"line":30,"column":4},"end":{"line":32,"column":5}},"type":"if","locations":[{"start":{"line":30,"column":4},"end":{"line":32,"column":5}},{"start":{},"end":{}}],"line":30},"1":{"loc":{"start":{"line":36,"column":4},"end":{"line":38,"column":5}},"type":"if","locations":[{"start":{"line":36,"column":4},"end":{"line":38,"column":5}},{"start":{},"end":{}}],"line":36},"2":{"loc":{"start":{"line":42,"column":6},"end":{"line":45,"column":7}},"type":"if","locations":[{"start":{"line":42,"column":6},"end":{"line":45,"column":7}},{"start":{},"end":{}}],"line":42},"3":{"loc":{"start":{"line":56,"column":6},"end":{"line":58,"column":7}},"type":"if","locations":[{"start":{"line":56,"column":6},"end":{"line":58,"column":7}},{"start":{},"end":{}}],"line":56},"4":{"loc":{"start":{"line":81,"column":6},"end":{"line":85,"column":7}},"type":"if","locations":[{"start":{"line":81,"column":6},"end":{"line":85,"column":7}},{"start":{"line":83,"column":13},"end":{"line":85,"column":7}}],"line":81},"5":{"loc":{"start":{"line":93,"column":4},"end":{"line":105,"column":5}},"type":"if","locations":[{"start":{"line":93,"column":4},"end":{"line":105,"column":5}},{"start":{"line":103,"column":11},"end":{"line":105,"column":5}}],"line":93},"6":{"loc":{"start":{"line":97,"column":6},"end":{"line":102,"column":7}},"type":"if","locations":[{"start":{"line":97,"column":6},"end":{"line":102,"column":7}},{"start":{"line":99,"column":13},"end":{"line":102,"column":7}}],"line":97},"7":{"loc":{"start":{"line":109,"column":4},"end":{"line":111,"column":5}},"type":"if","locations":[{"start":{"line":109,"column":4},"end":{"line":111,"column":5}},{"start":{},"end":{}}],"line":109},"8":{"loc":{"start":{"line":120,"column":3},"end":{"line":122,"column":6}},"type":"if","locations":[{"start":{"line":120,"column":3},"end":{"line":122,"column":6}},{"start":{},"end":{}}],"line":120},"9":{"loc":{"start":{"line":124,"column":3},"end":{"line":137,"column":5}},"type":"if","locations":[{"start":{"line":124,"column":3},"end":{"line":137,"column":5}},{"start":{"line":129,"column":9},"end":{"line":137,"column":5}}],"line":124},"10":{"loc":{"start":{"line":124,"column":7},"end":{"line":124,"column":70}},"type":"binary-expr","locations":[{"start":{"line":124,"column":7},"end":{"line":124,"column":33}},{"start":{"line":124,"column":37},"end":{"line":124,"column":70}}],"line":124},"11":{"loc":{"start":{"line":129,"column":9},"end":{"line":137,"column":5}},"type":"if","locations":[{"start":{"line":129,"column":9},"end":{"line":137,"column":5}},{"start":{"line":134,"column":5},"end":{"line":137,"column":5}}],"line":129},"12":{"loc":{"start":{"line":129,"column":13},"end":{"line":129,"column":76}},"type":"binary-expr","locations":[{"start":{"line":129,"column":13},"end":{"line":129,"column":39}},{"start":{"line":129,"column":43},"end":{"line":129,"column":76}}],"line":129},"13":{"loc":{"start":{"line":171,"column":6},"end":{"line":175,"column":7}},"type":"if","locations":[{"start":{"line":171,"column":6},"end":{"line":175,"column":7}},{"start":{"line":173,"column":13},"end":{"line":175,"column":7}}],"line":171},"14":{"loc":{"start":{"line":186,"column":6},"end":{"line":198,"column":9}},"type":"if","locations":[{"start":{"line":186,"column":6},"end":{"line":198,"column":9}},{"start":{},"end":{}}],"line":186},"15":{"loc":{"start":{"line":188,"column":10},"end":{"line":197,"column":11}},"type":"if","locations":[{"start":{"line":188,"column":10},"end":{"line":197,"column":11}},{"start":{"line":192,"column":17},"end":{"line":197,"column":11}}],"line":188}},"s":{"0":1,"1":13,"2":13,"3":13,"4":13,"5":13,"6":8,"7":8,"8":8,"9":11,"10":6,"11":6,"12":6,"13":0,"14":6,"15":6,"16":3,"17":3,"18":3,"19":3,"20":3,"21":0,"22":0,"23":3,"24":3,"25":3,"26":3,"27":3,"28":0,"29":1,"30":1,"31":1,"32":1,"33":0,"34":4,"35":8,"36":8,"37":8,"38":4,"39":4,"40":5,"41":5,"42":5,"43":5,"44":9,"45":5,"46":4,"47":1,"48":0,"49":1,"50":0,"51":1,"52":2,"53":1,"54":1,"55":0,"56":1,"57":0,"58":1,"59":0,"60":0,"61":1,"62":1,"63":1,"64":1,"65":1,"66":1,"67":1,"68":1,"69":0,"70":0,"71":1,"72":0,"73":0,"74":0,"75":0,"76":0,"77":0,"78":0,"79":0,"80":0,"81":0,"82":0,"83":0,"84":0,"85":0,"86":0,"87":0,"88":1,"89":1,"90":1,"91":0,"92":0,"93":0,"94":0,"95":1,"96":1},"f":{"0":13,"1":8,"2":11,"3":6,"4":6,"5":6,"6":3,"7":1,"8":4,"9":8,"10":5,"11":9,"12":1,"13":2,"14":1,"15":1,"16":1,"17":1,"18":0,"19":0,"20":0,"21":0,"22":0,"23":1},"b":{"0":[0,6],"1":[3,3],"2":[3,0],"3":[3,0],"4":[4,4],"5":[5,0],"6":[4,1],"7":[0,1],"8":[0,1],"9":[0,1],"10":[1,0],"11":[0,1],"12":[1,0],"13":[0,0],"14":[0,0],"15":[0,0]},"_coverageSchema":"1a1c01bbd47fc00a2c39e90264f33305004495a9","hash":"2f6d91903356a8575d26dc6ec013d3ff95d82fe1"}
}
