{"/home/debuser/EmployeeHierarchy/employeeHierarchyApp.js": {"path":"/home/debuser/EmployeeHierarchy/employeeHierarchyApp.js","statementMap":{"0":{"start":{"line":10,"column":4},"end":{"line":10,"column":17}},"1":{"start":{"line":11,"column":4},"end":{"line":11,"column":21}},"2":{"start":{"line":12,"column":4},"end":{"line":12,"column":33}},"3":{"start":{"line":13,"column":4},"end":{"line":13,"column":26}},"4":{"start":{"line":20,"column":4},"end":{"line":20,"column":24}},"5":{"start":{"line":25,"column":4},"end":{"line":25,"column":34}},"6":{"start":{"line":30,"column":4},"end":{"line":39,"column":3}},"7":{"start":{"line":31,"column":34},"end":{"line":31,"column":109}},"8":{"start":{"line":31,"column":71},"end":{"line":31,"column":108}},"9":{"start":{"line":32,"column":12},"end":{"line":38,"column":5}},"10":{"start":{"line":33,"column":11},"end":{"line":33,"column":71}},"11":{"start":{"line":36,"column":23},"end":{"line":36,"column":98}},"12":{"start":{"line":37,"column":6},"end":{"line":37,"column":33}},"13":{"start":{"line":44,"column":4},"end":{"line":51,"column":5}},"14":{"start":{"line":45,"column":25},"end":{"line":45,"column":38}},"15":{"start":{"line":46,"column":26},"end":{"line":46,"column":67}},"16":{"start":{"line":47,"column":27},"end":{"line":47,"column":50}},"17":{"start":{"line":48,"column":6},"end":{"line":48,"column":44}},"18":{"start":{"line":50,"column":6},"end":{"line":50,"column":75}},"19":{"start":{"line":60,"column":4},"end":{"line":60,"column":20}},"20":{"start":{"line":68,"column":26},"end":{"line":68,"column":99}},"21":{"start":{"line":68,"column":64},"end":{"line":68,"column":98}},"22":{"start":{"line":69,"column":5},"end":{"line":77,"column":7}},"23":{"start":{"line":70,"column":6},"end":{"line":70,"column":45}},"24":{"start":{"line":71,"column":8},"end":{"line":73,"column":9}},"25":{"start":{"line":72,"column":10},"end":{"line":72,"column":67}},"26":{"start":{"line":76,"column":7},"end":{"line":76,"column":14}},"27":{"start":{"line":82,"column":4},"end":{"line":84,"column":5}},"28":{"start":{"line":83,"column":6},"end":{"line":83,"column":55}},"29":{"start":{"line":89,"column":3},"end":{"line":93,"column":6}},"30":{"start":{"line":90,"column":6},"end":{"line":92,"column":7}},"31":{"start":{"line":91,"column":8},"end":{"line":91,"column":34}},"32":{"start":{"line":94,"column":3},"end":{"line":94,"column":58}},"33":{"start":{"line":104,"column":5},"end":{"line":104,"column":37}},"34":{"start":{"line":111,"column":5},"end":{"line":111,"column":35}},"35":{"start":{"line":113,"column":3},"end":{"line":128,"column":3}},"36":{"start":{"line":115,"column":4},"end":{"line":115,"column":31}},"37":{"start":{"line":116,"column":4},"end":{"line":116,"column":95}},"38":{"start":{"line":117,"column":4},"end":{"line":117,"column":36}},"39":{"start":{"line":120,"column":9},"end":{"line":128,"column":3}},"40":{"start":{"line":121,"column":7},"end":{"line":121,"column":98}},"41":{"start":{"line":122,"column":7},"end":{"line":122,"column":39}},"42":{"start":{"line":123,"column":7},"end":{"line":123,"column":98}},"43":{"start":{"line":127,"column":5},"end":{"line":127,"column":32}},"44":{"start":{"line":136,"column":4},"end":{"line":138,"column":5}},"45":{"start":{"line":137,"column":6},"end":{"line":137,"column":18}},"46":{"start":{"line":140,"column":4},"end":{"line":143,"column":5}},"47":{"start":{"line":141,"column":8},"end":{"line":141,"column":46}},"48":{"start":{"line":142,"column":6},"end":{"line":142,"column":18}},"49":{"start":{"line":145,"column":4},"end":{"line":154,"column":1}},"50":{"start":{"line":147,"column":4},"end":{"line":153,"column":5}},"51":{"start":{"line":148,"column":28},"end":{"line":148,"column":76}},"52":{"start":{"line":149,"column":7},"end":{"line":152,"column":7}},"53":{"start":{"line":150,"column":9},"end":{"line":150,"column":47}},"54":{"start":{"line":151,"column":8},"end":{"line":151,"column":30}},"55":{"start":{"line":155,"column":4},"end":{"line":155,"column":16}},"56":{"start":{"line":162,"column":4},"end":{"line":167,"column":5}},"57":{"start":{"line":163,"column":5},"end":{"line":163,"column":69}},"58":{"start":{"line":164,"column":5},"end":{"line":166,"column":8}},"59":{"start":{"line":165,"column":7},"end":{"line":165,"column":13}},"60":{"start":{"line":168,"column":3},"end":{"line":170,"column":4}},"61":{"start":{"line":169,"column":5},"end":{"line":169,"column":68}},"62":{"start":{"line":177,"column":30},"end":{"line":177,"column":57}},"63":{"start":{"line":178,"column":26},"end":{"line":178,"column":49}},"64":{"start":{"line":179,"column":21},"end":{"line":179,"column":39}},"65":{"start":{"line":183,"column":19},"end":{"line":183,"column":38}},"66":{"start":{"line":184,"column":31},"end":{"line":187,"column":4}},"67":{"start":{"line":189,"column":0},"end":{"line":189,"column":27}},"68":{"start":{"line":193,"column":20},"end":{"line":201,"column":1}},"69":{"start":{"line":194,"column":3},"end":{"line":200,"column":3}},"70":{"start":{"line":195,"column":3},"end":{"line":199,"column":7}},"71":{"start":{"line":196,"column":3},"end":{"line":196,"column":61}},"72":{"start":{"line":197,"column":3},"end":{"line":197,"column":84}},"73":{"start":{"line":198,"column":3},"end":{"line":198,"column":13}},"74":{"start":{"line":207,"column":34},"end":{"line":207,"column":121}},"75":{"start":{"line":207,"column":87},"end":{"line":207,"column":120}},"76":{"start":{"line":208,"column":7},"end":{"line":216,"column":4}},"77":{"start":{"line":211,"column":12},"end":{"line":211,"column":106}},"78":{"start":{"line":215,"column":6},"end":{"line":215,"column":79}},"79":{"start":{"line":221,"column":24},"end":{"line":232,"column":1}},"80":{"start":{"line":222,"column":2},"end":{"line":231,"column":5}},"81":{"start":{"line":223,"column":4},"end":{"line":230,"column":7}},"82":{"start":{"line":224,"column":6},"end":{"line":228,"column":7}},"83":{"start":{"line":225,"column":8},"end":{"line":225,"column":24}},"84":{"start":{"line":227,"column":8},"end":{"line":227,"column":39}},"85":{"start":{"line":229,"column":6},"end":{"line":229,"column":16}},"86":{"start":{"line":235,"column":19},"end":{"line":245,"column":1}},"87":{"start":{"line":236,"column":21},"end":{"line":236,"column":42}},"88":{"start":{"line":237,"column":3},"end":{"line":237,"column":33}},"89":{"start":{"line":239,"column":23},"end":{"line":239,"column":27}},"90":{"start":{"line":240,"column":2},"end":{"line":242,"column":1}},"91":{"start":{"line":241,"column":4},"end":{"line":241,"column":38}},"92":{"start":{"line":244,"column":0},"end":{"line":244,"column":19}},"93":{"start":{"line":249,"column":0},"end":{"line":249,"column":13}},"94":{"start":{"line":251,"column":0},"end":{"line":251,"column":86}}},"fnMap":{"0":{"name":"(anonymous_0)","decl":{"start":{"line":9,"column":2},"end":{"line":9,"column":3}},"loc":{"start":{"line":9,"column":35},"end":{"line":14,"column":3}},"line":9},"1":{"name":"(anonymous_1)","decl":{"start":{"line":19,"column":2},"end":{"line":19,"column":3}},"loc":{"start":{"line":19,"column":25},"end":{"line":21,"column":6}},"line":19},"2":{"name":"(anonymous_2)","decl":{"start":{"line":24,"column":2},"end":{"line":24,"column":3}},"loc":{"start":{"line":24,"column":24},"end":{"line":26,"column":3}},"line":24},"3":{"name":"(anonymous_3)","decl":{"start":{"line":29,"column":1},"end":{"line":29,"column":2}},"loc":{"start":{"line":29,"column":34},"end":{"line":40,"column":1}},"line":29},"4":{"name":"(anonymous_4)","decl":{"start":{"line":31,"column":54},"end":{"line":31,"column":55}},"loc":{"start":{"line":31,"column":71},"end":{"line":31,"column":108}},"line":31},"5":{"name":"(anonymous_5)","decl":{"start":{"line":43,"column":0},"end":{"line":43,"column":1}},"loc":{"start":{"line":43,"column":36},"end":{"line":52,"column":3}},"line":43},"6":{"name":"(anonymous_6)","decl":{"start":{"line":59,"column":2},"end":{"line":59,"column":3}},"loc":{"start":{"line":59,"column":16},"end":{"line":61,"column":3}},"line":59},"7":{"name":"(anonymous_7)","decl":{"start":{"line":67,"column":1},"end":{"line":67,"column":2}},"loc":{"start":{"line":67,"column":49},"end":{"line":78,"column":5}},"line":67},"8":{"name":"(anonymous_8)","decl":{"start":{"line":68,"column":51},"end":{"line":68,"column":52}},"loc":{"start":{"line":68,"column":64},"end":{"line":68,"column":98}},"line":68},"9":{"name":"(anonymous_9)","decl":{"start":{"line":81,"column":0},"end":{"line":81,"column":1}},"loc":{"start":{"line":81,"column":54},"end":{"line":85,"column":3}},"line":81},"10":{"name":"(anonymous_10)","decl":{"start":{"line":88,"column":0},"end":{"line":88,"column":1}},"loc":{"start":{"line":88,"column":41},"end":{"line":95,"column":1}},"line":88},"11":{"name":"(anonymous_11)","decl":{"start":{"line":103,"column":5},"end":{"line":103,"column":6}},"loc":{"start":{"line":103,"column":19},"end":{"line":105,"column":5}},"line":103},"12":{"name":"(anonymous_12)","decl":{"start":{"line":110,"column":2},"end":{"line":110,"column":3}},"loc":{"start":{"line":110,"column":39},"end":{"line":129,"column":3}},"line":110},"13":{"name":"(anonymous_13)","decl":{"start":{"line":135,"column":2},"end":{"line":135,"column":3}},"loc":{"start":{"line":135,"column":36},"end":{"line":156,"column":3}},"line":135},"14":{"name":"(anonymous_14)","decl":{"start":{"line":160,"column":2},"end":{"line":160,"column":3}},"loc":{"start":{"line":160,"column":57},"end":{"line":171,"column":3}},"line":160},"15":{"name":"preparingCliForUser","decl":{"start":{"line":182,"column":9},"end":{"line":182,"column":28}},"loc":{"start":{"line":182,"column":31},"end":{"line":190,"column":1}},"line":182},"16":{"name":"(anonymous_16)","decl":{"start":{"line":193,"column":20},"end":{"line":193,"column":21}},"loc":{"start":{"line":193,"column":44},"end":{"line":201,"column":1}},"line":193},"17":{"name":"(anonymous_17)","decl":{"start":{"line":194,"column":22},"end":{"line":194,"column":23}},"loc":{"start":{"line":194,"column":43},"end":{"line":200,"column":2}},"line":194},"18":{"name":"(anonymous_18)","decl":{"start":{"line":195,"column":55},"end":{"line":195,"column":56}},"loc":{"start":{"line":195,"column":75},"end":{"line":199,"column":5}},"line":195},"19":{"name":"displayHierarchy","decl":{"start":{"line":205,"column":9},"end":{"line":205,"column":25}},"loc":{"start":{"line":205,"column":40},"end":{"line":217,"column":1}},"line":205},"20":{"name":"(anonymous_20)","decl":{"start":{"line":207,"column":71},"end":{"line":207,"column":72}},"loc":{"start":{"line":207,"column":87},"end":{"line":207,"column":120}},"line":207},"21":{"name":"(anonymous_21)","decl":{"start":{"line":221,"column":24},"end":{"line":221,"column":25}},"loc":{"start":{"line":221,"column":48},"end":{"line":232,"column":1}},"line":221},"22":{"name":"(anonymous_22)","decl":{"start":{"line":222,"column":21},"end":{"line":222,"column":22}},"loc":{"start":{"line":222,"column":34},"end":{"line":231,"column":3}},"line":222},"23":{"name":"(anonymous_23)","decl":{"start":{"line":223,"column":103},"end":{"line":223,"column":104}},"loc":{"start":{"line":223,"column":127},"end":{"line":230,"column":5}},"line":223},"24":{"name":"(anonymous_24)","decl":{"start":{"line":235,"column":19},"end":{"line":235,"column":20}},"loc":{"start":{"line":235,"column":31},"end":{"line":245,"column":1}},"line":235}},"branchMap":{"0":{"loc":{"start":{"line":32,"column":12},"end":{"line":38,"column":5}},"type":"if","locations":[{"start":{"line":32,"column":12},"end":{"line":38,"column":5}},{"start":{"line":35,"column":9},"end":{"line":38,"column":5}}],"line":32},"1":{"loc":{"start":{"line":69,"column":5},"end":{"line":77,"column":7}},"type":"if","locations":[{"start":{"line":69,"column":5},"end":{"line":77,"column":7}},{"start":{"line":75,"column":9},"end":{"line":77,"column":7}}],"line":69},"2":{"loc":{"start":{"line":90,"column":6},"end":{"line":92,"column":7}},"type":"if","locations":[{"start":{"line":90,"column":6},"end":{"line":92,"column":7}},{"start":{},"end":{}}],"line":90},"3":{"loc":{"start":{"line":113,"column":3},"end":{"line":128,"column":3}},"type":"if","locations":[{"start":{"line":113,"column":3},"end":{"line":128,"column":3}},{"start":{"line":120,"column":9},"end":{"line":128,"column":3}}],"line":113},"4":{"loc":{"start":{"line":113,"column":7},"end":{"line":113,"column":73}},"type":"binary-expr","locations":[{"start":{"line":113,"column":7},"end":{"line":113,"column":36}},{"start":{"line":113,"column":40},"end":{"line":113,"column":73}}],"line":113},"5":{"loc":{"start":{"line":120,"column":9},"end":{"line":128,"column":3}},"type":"if","locations":[{"start":{"line":120,"column":9},"end":{"line":128,"column":3}},{"start":{"line":126,"column":5},"end":{"line":128,"column":3}}],"line":120},"6":{"loc":{"start":{"line":120,"column":13},"end":{"line":120,"column":79}},"type":"binary-expr","locations":[{"start":{"line":120,"column":13},"end":{"line":120,"column":42}},{"start":{"line":120,"column":46},"end":{"line":120,"column":79}}],"line":120},"7":{"loc":{"start":{"line":136,"column":4},"end":{"line":138,"column":5}},"type":"if","locations":[{"start":{"line":136,"column":4},"end":{"line":138,"column":5}},{"start":{},"end":{}}],"line":136},"8":{"loc":{"start":{"line":140,"column":4},"end":{"line":143,"column":5}},"type":"if","locations":[{"start":{"line":140,"column":4},"end":{"line":143,"column":5}},{"start":{},"end":{}}],"line":140},"9":{"loc":{"start":{"line":145,"column":4},"end":{"line":154,"column":1}},"type":"if","locations":[{"start":{"line":145,"column":4},"end":{"line":154,"column":1}},{"start":{},"end":{}}],"line":145},"10":{"loc":{"start":{"line":149,"column":7},"end":{"line":152,"column":7}},"type":"if","locations":[{"start":{"line":149,"column":7},"end":{"line":152,"column":7}},{"start":{},"end":{}}],"line":149},"11":{"loc":{"start":{"line":164,"column":5},"end":{"line":166,"column":8}},"type":"if","locations":[{"start":{"line":164,"column":5},"end":{"line":166,"column":8}},{"start":{},"end":{}}],"line":164},"12":{"loc":{"start":{"line":168,"column":3},"end":{"line":170,"column":4}},"type":"if","locations":[{"start":{"line":168,"column":3},"end":{"line":170,"column":4}},{"start":{},"end":{}}],"line":168},"13":{"loc":{"start":{"line":208,"column":7},"end":{"line":216,"column":4}},"type":"if","locations":[{"start":{"line":208,"column":7},"end":{"line":216,"column":4}},{"start":{"line":213,"column":8},"end":{"line":216,"column":4}}],"line":208},"14":{"loc":{"start":{"line":208,"column":10},"end":{"line":208,"column":73}},"type":"binary-expr","locations":[{"start":{"line":208,"column":10},"end":{"line":208,"column":29}},{"start":{"line":208,"column":33},"end":{"line":208,"column":73}}],"line":208},"15":{"loc":{"start":{"line":224,"column":6},"end":{"line":228,"column":7}},"type":"if","locations":[{"start":{"line":224,"column":6},"end":{"line":228,"column":7}},{"start":{"line":226,"column":13},"end":{"line":228,"column":7}}],"line":224}},"s":{"0":8,"1":8,"2":8,"3":8,"4":6,"5":7,"6":1,"7":2,"8":1,"9":2,"10":0,"11":2,"12":2,"13":0,"14":0,"15":0,"16":0,"17":0,"18":0,"19":6,"20":4,"21":8,"22":4,"23":4,"24":4,"25":2,"26":0,"27":2,"28":2,"29":2,"30":4,"31":2,"32":2,"33":6,"34":2,"35":2,"36":1,"37":1,"38":1,"39":1,"40":0,"41":0,"42":0,"43":1,"44":2,"45":0,"46":2,"47":1,"48":1,"49":1,"50":1,"51":1,"52":1,"53":1,"54":1,"55":0,"56":1,"57":1,"58":1,"59":1,"60":1,"61":0,"62":1,"63":1,"64":1,"65":1,"66":1,"67":1,"68":1,"69":1,"70":1,"71":0,"72":0,"73":0,"74":0,"75":0,"76":0,"77":0,"78":0,"79":1,"80":0,"81":0,"82":0,"83":0,"84":0,"85":0,"86":1,"87":1,"88":1,"89":0,"90":0,"91":0,"92":0,"93":1,"94":1},"f":{"0":8,"1":6,"2":7,"3":1,"4":1,"5":0,"6":6,"7":4,"8":8,"9":2,"10":2,"11":6,"12":2,"13":2,"14":1,"15":1,"16":1,"17":1,"18":0,"19":0,"20":0,"21":0,"22":0,"23":0,"24":1},"b":{"0":[0,2],"1":[4,0],"2":[2,2],"3":[1,1],"4":[2,1],"5":[0,1],"6":[1,0],"7":[0,2],"8":[1,1],"9":[1,0],"10":[1,0],"11":[1,0],"12":[0,1],"13":[0,0],"14":[0,0],"15":[0,0]},"_coverageSchema":"1a1c01bbd47fc00a2c39e90264f33305004495a9","hash":"0637ca01b47dc7d28082f576e9dad10ce93200d8"}
}
