TN:
SF:employeeHierarchyApp.js
FN:9,(anonymous_0)
FN:19,(anonymous_1)
FN:24,(anonymous_2)
FN:29,(anonymous_3)
FN:31,(anonymous_4)
FN:43,(anonymous_5)
FN:59,(anonymous_6)
FN:67,(anonymous_7)
FN:68,(anonymous_8)
FN:81,(anonymous_9)
FN:88,(anonymous_10)
FN:103,(anonymous_11)
FN:110,(anonymous_12)
FN:135,(anonymous_13)
FN:160,(anonymous_14)
FN:182,preparingCliForUser
FN:193,(anonymous_16)
FN:194,(anonymous_17)
FN:195,(anonymous_18)
FN:205,displayHierarchy
FN:207,(anonymous_20)
FN:221,(anonymous_21)
FN:222,(anonymous_22)
FN:223,(anonymous_23)
FN:235,(anonymous_24)
FNF:25
FNH:18
FNDA:8,(anonymous_0)
FNDA:6,(anonymous_1)
FNDA:7,(anonymous_2)
FNDA:1,(anonymous_3)
FNDA:1,(anonymous_4)
FNDA:0,(anonymous_5)
FNDA:6,(anonymous_6)
FNDA:4,(anonymous_7)
FNDA:8,(anonymous_8)
FNDA:2,(anonymous_9)
FNDA:2,(anonymous_10)
FNDA:6,(anonymous_11)
FNDA:2,(anonymous_12)
FNDA:2,(anonymous_13)
FNDA:1,(anonymous_14)
FNDA:1,preparingCliForUser
FNDA:1,(anonymous_16)
FNDA:1,(anonymous_17)
FNDA:0,(anonymous_18)
FNDA:0,displayHierarchy
FNDA:0,(anonymous_20)
FNDA:0,(anonymous_21)
FNDA:0,(anonymous_22)
FNDA:0,(anonymous_23)
FNDA:1,(anonymous_24)
DA:10,8
DA:11,8
DA:12,8
DA:13,8
DA:20,6
DA:25,7
DA:30,1
DA:31,2
DA:32,2
DA:33,0
DA:36,2
DA:37,2
DA:44,0
DA:45,0
DA:46,0
DA:47,0
DA:48,0
DA:50,0
DA:60,6
DA:68,8
DA:69,4
DA:70,4
DA:71,4
DA:72,2
DA:76,0
DA:82,2
DA:83,2
DA:89,2
DA:90,4
DA:91,2
DA:94,2
DA:104,6
DA:111,2
DA:113,2
DA:115,1
DA:116,1
DA:117,1
DA:120,1
DA:121,0
DA:122,0
DA:123,0
DA:127,1
DA:136,2
DA:137,0
DA:140,2
DA:141,1
DA:142,1
DA:145,1
DA:147,1
DA:148,1
DA:149,1
DA:150,1
DA:151,1
DA:155,0
DA:162,1
DA:163,1
DA:164,1
DA:165,1
DA:168,1
DA:169,0
DA:177,1
DA:178,1
DA:179,1
DA:183,1
DA:184,1
DA:189,1
DA:193,1
DA:194,1
DA:195,1
DA:196,0
DA:197,0
DA:198,0
DA:207,0
DA:208,0
DA:211,0
DA:215,0
DA:221,1
DA:222,0
DA:223,0
DA:224,0
DA:225,0
DA:227,0
DA:229,0
DA:235,1
DA:236,1
DA:237,1
DA:239,0
DA:240,0
DA:241,0
DA:244,0
DA:249,1
DA:251,1
LF:92
LH:61
BRDA:32,0,0,0
BRDA:32,0,1,2
BRDA:69,1,0,4
BRDA:69,1,1,0
BRDA:90,2,0,2
BRDA:90,2,1,2
BRDA:113,3,0,1
BRDA:113,3,1,1
BRDA:113,4,0,2
BRDA:113,4,1,1
BRDA:120,5,0,0
BRDA:120,5,1,1
BRDA:120,6,0,1
BRDA:120,6,1,0
BRDA:136,7,0,0
BRDA:136,7,1,2
BRDA:140,8,0,1
BRDA:140,8,1,1
BRDA:145,9,0,1
BRDA:145,9,1,0
BRDA:149,10,0,1
BRDA:149,10,1,0
BRDA:164,11,0,1
BRDA:164,11,1,0
BRDA:168,12,0,0
BRDA:168,12,1,1
BRDA:208,13,0,0
BRDA:208,13,1,0
BRDA:208,14,0,0
BRDA:208,14,1,0
BRDA:224,15,0,0
BRDA:224,15,1,0
BRF:32
BRH:17
end_of_record
