TN:
SF:employeeHierarchyApp.js
FN:4,(anonymous_0)
FN:14,(anonymous_1)
FN:20,(anonymous_2)
FN:25,(anonymous_3)
FN:26,(anonymous_4)
FN:29,(anonymous_5)
FN:52,(anonymous_6)
FN:64,(anonymous_7)
FN:76,(anonymous_8)
FN:77,(anonymous_9)
FN:91,(anonymous_10)
FN:96,(anonymous_11)
FN:108,(anonymous_12)
FN:114,(anonymous_13)
FN:119,(anonymous_14)
FN:147,getUserInput
FN:158,(anonymous_16)
FN:159,(anonymous_17)
FN:160,(anonymous_18)
FN:168,(anonymous_19)
FN:169,(anonymous_20)
FN:170,(anonymous_21)
FN:182,displayHierarchy
FN:207,(anonymous_23)
FNF:24
FNH:19
FNDA:13,(anonymous_0)
FNDA:8,(anonymous_1)
FNDA:11,(anonymous_2)
FNDA:6,(anonymous_3)
FNDA:6,(anonymous_4)
FNDA:6,(anonymous_5)
FNDA:3,(anonymous_6)
FNDA:1,(anonymous_7)
FNDA:4,(anonymous_8)
FNDA:8,(anonymous_9)
FNDA:5,(anonymous_10)
FNDA:9,(anonymous_11)
FNDA:1,(anonymous_12)
FNDA:2,(anonymous_13)
FNDA:1,(anonymous_14)
FNDA:1,getUserInput
FNDA:1,(anonymous_16)
FNDA:1,(anonymous_17)
FNDA:0,(anonymous_18)
FNDA:0,(anonymous_19)
FNDA:0,(anonymous_20)
FNDA:0,(anonymous_21)
FNDA:0,displayHierarchy
FNDA:1,(anonymous_23)
DA:1,1
DA:5,13
DA:6,13
DA:7,13
DA:8,13
DA:9,13
DA:15,8
DA:16,8
DA:17,8
DA:21,11
DA:26,6
DA:30,6
DA:31,0
DA:34,6
DA:36,6
DA:37,3
DA:40,3
DA:41,3
DA:42,3
DA:44,3
DA:48,0
DA:49,0
DA:53,3
DA:54,3
DA:55,3
DA:56,3
DA:57,3
DA:60,0
DA:65,1
DA:66,1
DA:67,1
DA:68,1
DA:70,0
DA:77,4
DA:78,8
DA:79,8
DA:81,8
DA:82,4
DA:84,4
DA:92,5
DA:93,5
DA:94,5
DA:96,9
DA:97,5
DA:98,4
DA:100,1
DA:104,0
DA:109,1
DA:110,0
DA:114,2
DA:115,1
DA:120,1
DA:121,0
DA:124,1
DA:126,0
DA:129,1
DA:130,0
DA:131,0
DA:136,1
DA:144,1
DA:148,1
DA:149,1
DA:154,1
DA:158,1
DA:159,1
DA:160,1
DA:161,0
DA:162,0
DA:168,1
DA:169,0
DA:170,0
DA:171,0
DA:172,0
DA:174,0
DA:176,0
DA:183,0
DA:184,0
DA:186,0
DA:188,0
DA:191,0
DA:193,0
DA:194,0
DA:195,0
DA:196,0
DA:201,0
DA:207,1
DA:208,1
DA:209,1
DA:211,0
DA:212,0
DA:213,0
DA:216,0
DA:219,1
DA:221,1
LF:94
LH:61
BRDA:30,0,0,0
BRDA:30,0,1,6
BRDA:36,1,0,3
BRDA:36,1,1,3
BRDA:42,2,0,3
BRDA:42,2,1,0
BRDA:56,3,0,3
BRDA:56,3,1,0
BRDA:81,4,0,4
BRDA:81,4,1,4
BRDA:93,5,0,5
BRDA:93,5,1,0
BRDA:97,6,0,4
BRDA:97,6,1,1
BRDA:109,7,0,0
BRDA:109,7,1,1
BRDA:120,8,0,0
BRDA:120,8,1,1
BRDA:124,9,0,0
BRDA:124,9,1,1
BRDA:124,10,0,1
BRDA:124,10,1,0
BRDA:129,11,0,0
BRDA:129,11,1,1
BRDA:129,12,0,1
BRDA:129,12,1,0
BRDA:171,13,0,0
BRDA:171,13,1,0
BRDA:186,14,0,0
BRDA:186,14,1,0
BRDA:188,15,0,0
BRDA:188,15,1,0
BRF:32
BRH:16
end_of_record
